[debug] [2026-06-22T20:56:05.164Z] ----------------------------------------------------------------------
[debug] [2026-06-22T20:56:05.166Z] Command:       /home/manish-ray/.nvm/versions/node/v25.9.0/bin/node /home/manish-ray/.nvm/versions/node/v25.9.0/bin/firebase init
[debug] [2026-06-22T20:56:05.167Z] CLI Version:   15.22.1
[debug] [2026-06-22T20:56:05.167Z] Platform:      linux
[debug] [2026-06-22T20:56:05.167Z] Node Version:  v25.9.0
[debug] [2026-06-22T20:56:05.167Z] Detected Agent: unknown
[debug] [2026-06-22T20:56:05.167Z] Time:          Mon Jun 22 2026 16:56:05 GMT-0400 (Eastern Daylight Time)
[debug] [2026-06-22T20:56:05.167Z] ----------------------------------------------------------------------
[debug] 
[info] 
     ######## #### ########  ######## ########     ###     ######  ########
     ##        ##  ##     ## ##       ##     ##  ##   ##  ##       ##
     ######    ##  ########  ######   ########  #########  ######  ######
     ##        ##  ##    ##  ##       ##     ## ##     ##       ## ##
     ##       #### ##     ## ######## ########  ##     ##  ######  ########

You're about to initialize a Firebase project in this directory:

  /home/manish-ray/frontend

[info] 
=== Project Setup
[info] 
[info] First, let's associate this project directory with a Firebase project.
[info] You can create multiple project aliases by running firebase use --add, 
[info] 
[debug] [2026-06-22T20:56:11.818Z] > command requires scopes: ["email","openid","https://www.googleapis.com/auth/cloudplatformprojects.readonly","https://www.googleapis.com/auth/firebase","https://www.googleapis.com/auth/cloud-platform"]
[debug] [2026-06-22T20:56:11.819Z] > authorizing via signed-in user (manishrayoffical9824@gmail.com)
[debug] [2026-06-22T20:56:11.821Z] Checked if tokens are valid: true, expires at: 1782163702404
[debug] [2026-06-22T20:56:11.822Z] Checked if tokens are valid: true, expires at: 1782163702404
[debug] [2026-06-22T20:56:11.825Z] >>> [apiv2][query] GET https://firebase.googleapis.com/v1beta1/projects/medinexus-43e5f [none]
[debug] [2026-06-22T20:56:12.771Z] <<< [apiv2][status] GET https://firebase.googleapis.com/v1beta1/projects/medinexus-43e5f 200
[debug] [2026-06-22T20:56:12.772Z] <<< [apiv2][body] GET https://firebase.googleapis.com/v1beta1/projects/medinexus-43e5f {"projectId":"medinexus-43e5f","projectNumber":"663184979392","displayName":"medinexus","name":"projects/medinexus-43e5f","resources":{"hostingSite":"medinexus-43e5f"},"state":"ACTIVE","etag":"1_cd81066c-f908-4330-818c-8220153c58db"}
[info] i  Using project medinexus-43e5f (medinexus) . 
[info] 
=== Hosting Setup
[info] 
[debug] [2026-06-22T20:56:19.083Z] Checked if tokens are valid: true, expires at: 1782163702404
[debug] [2026-06-22T20:56:19.084Z] Checked if tokens are valid: true, expires at: 1782163702404
[debug] [2026-06-22T20:56:19.084Z] >>> [apiv2][query] GET https://firebase.googleapis.com/v1beta1/projects/medinexus-43e5f [none]
[debug] [2026-06-22T20:56:19.823Z] <<< [apiv2][status] GET https://firebase.googleapis.com/v1beta1/projects/medinexus-43e5f 200
[debug] [2026-06-22T20:56:19.824Z] <<< [apiv2][body] GET https://firebase.googleapis.com/v1beta1/projects/medinexus-43e5f {"projectId":"medinexus-43e5f","projectNumber":"663184979392","displayName":"medinexus","name":"projects/medinexus-43e5f","resources":{"hostingSite":"medinexus-43e5f"},"state":"ACTIVE","etag":"1_cd81066c-f908-4330-818c-8220153c58db"}
[info] 
[info] Your public directory is the folder (relative to your project directory) that
[info] will contain Hosting assets to be uploaded with firebase deploy. If you
[info] have a build process for your assets, use your build's output directory.
[info] 
[debug] [2026-06-22T21:05:05.789Z] ExitPromptError: User force closed the prompt with SIGINT
    at Interface.sigint (/home/manish-ray/.nvm/versions/node/v25.9.0/lib/node_modules/firebase-tools/node_modules/@inquirer/core/dist/commonjs/lib/create-prompt.js:101:37)
    at Interface.emit (node:events:509:20)
    at [_ttyWrite] [as _ttyWrite] (node:internal/readline/interface:1327:18)
    at ReadStream.onkeypress (node:internal/readline/interface:284:20)
    at ReadStream.emit (node:events:521:24)
    at emitKeys (node:internal/readline/utils:371:14)
    at emitKeys.next (<anonymous>)
    at ReadStream.onData (node:internal/readline/emitKeypressEvents:64:36)
    at ReadStream.emit (node:events:509:20)
    at addChunk (node:internal/streams/readable:564:12)
[error] 
[error] Error: An unexpected error has occurred.
